<?xml version="1.0" encoding="UTF-8"?>
<testsuite xmlns:xsi="http://www.w3.org/2001/XMLSchema-instance" xsi:noNamespaceSchemaLocation="https://maven.apache.org/surefire/maven-surefire-plugin/xsd/surefire-test-report.xsd" name="com.group02.AppTest" time="0.934" tests="5" errors="0" skipped="0" failures="0">
  <properties>
[...]
</properties>
  <testcase name="testDeleteEmployee" classname="com.group02.AppTest" time="0.017"/>
  <testcase name="testReadEmployees" classname="com.group02.AppTest" time="0"/>
  <testcase name="shouldAnswerWithTrue" classname="com.group02.AppTest" time="0"/>
  <testcase name="testUpdateEmployee" classname="com.group02.AppTest" time="0.025"/>
  <testcase name="testCreateEmployee" classname="com.group02.AppTest" time="0.012"/>
</testsuite>